#
# There is insufficient memory for the Java Runtime Environment to continue.
# Native memory allocation (mmap) failed to map 132120576 bytes for G1 virtual space
# Possible reasons:
#   The system is out of physical RAM or swap space
#   The process is running with CompressedOops enabled, and the Java Heap may be blocking the growth of the native heap
# Possible solutions:
#   Reduce memory load on the system
#   Increase physical memory or swap space
#   Check if swap backing store is full
#   Decrease Java heap size (-Xmx/-Xms)
#   Decrease number of Java threads
#   Decrease Java thread stack sizes (-Xss)
#   Set larger code cache with -XX:ReservedCodeCacheSize=
#   JVM is running with Unscaled Compressed Oops mode in which the Java heap is
#     placed in the first 4GB address space. The Java Heap base address is the
#     maximum limit for the native heap growth. Please use -XX:HeapBaseMinAddress
#     to set the Java Heap base and to place the Java Heap above 4GB virtual address.
# This output file may be truncated or incomplete.
#
#  Out of Memory Error (./open/src/hotspot/os/windows/os_windows.cpp:3321), pid=9452, tid=17952
#
# JRE version:  (15.0.2+7) (build )
# Java VM: Java HotSpot(TM) 64-Bit Server VM (15.0.2+7-27, mixed mode, sharing, tiered, compressed oops, g1 gc, windows-amd64)
# No core dump will be written. Minidumps are not enabled by default on client versions of Windows
#

---------------  S U M M A R Y ------------

Command Line: 

Host: Intel(R) Core(TM) i3-9100 CPU @ 3.60GHz, 4 cores, 7G,  Windows 10 , 64 bit Build 19041 (10.0.19041.804)
Time: Sat Mar 27 21:47:38 2021 India Standard Time elapsed time: 0.011589 seconds (0d 0h 0m 0s)

---------------  T H R E A D  ---------------

Current thread (0x000002320b69dd00):  JavaThread "Unknown thread" [_thread_in_vm, id=17952, stack(0x000000fdd2d00000,0x000000fdd2e00000)]

Stack: [0x000000fdd2d00000,0x000000fdd2e00000]
Native frames: (J=compiled Java code, j=interpreted, Vv=VM code, C=native code)
V  [jvm.dll+0x62ae9a]
V  [jvm.dll+0x7817a9]
V  [jvm.dll+0x782f03]
V  [jvm.dll+0x783563]
V  [jvm.dll+0x216325]
V  [jvm.dll+0x6281d9]
V  [jvm.dll+0x61cf55]
V  [jvm.dll+0x2cffdd]
V  [jvm.dll+0x2cfe42]
V  [jvm.dll+0x2d5e1c]
V  [jvm.dll+0x32590a]
V  [jvm.dll+0x324fd4]
V  [jvm.dll+0x2a6f5a]
V  [jvm.dll+0x2a80f8]
V  [jvm.dll+0x75e241]
V  [jvm.dll+0x3341c4]
V  [jvm.dll+0x73e926]
V  [jvm.dll+0x3b7557]
V  [jvm.dll+0x3b8fe1]
C  [jli.dll+0x52fb]
C  [ucrtbase.dll+0x21bb2]
C  [KERNEL32.DLL+0x17034]
C  [ntdll.dll+0x52651]


---------------  P R O C E S S  ---------------

Threads class SMR info:
_java_thread_list=0x00007ffd17934ff0, length=0, elements={
}

Java Threads: ( => current thread )

Other Threads:
  0x000002320b6dcf60 GCTaskThread "GC Thread#0" [stack: 0x000000fdd2e00000,0x000000fdd2f00000] [id=2732]
  0x000002320b6efc60 ConcurrentGCThread "G1 Main Marker" [stack: 0x000000fdd2f00000,0x000000fdd3000000] [id=10968]
  0x000002320b6f0760 ConcurrentGCThread "G1 Conc#0" [stack: 0x000000fdd3000000,0x000000fdd3100000] [id=11972]

[error occurred during error reporting (printing all threads), id 0xc0000005, EXCEPTION_ACCESS_VIOLATION (0xc0000005) at pc=0x00007ffd17127e27]

VM state: not at safepoint (not fully initialized)

VM Mutex/Monitor currently owned by a thread:  ([mutex/lock_event])
[0x000002320b69aa20] Heap_lock - owner thread: 0x000002320b69dd00

Heap address: 0x0000000082400000, size: 2012 MB, Compressed Oops mode: 32-bit
CDS archive(s) mapped at: [0x0000000000000000-0x0000000000000000-0x0000000000000000), size 0, SharedBaseAddress: 0x0000000800000000, ArchiveRelocationMode: 0.
Narrow klass base: 0x0000000000000000, Narrow klass shift: 0, Narrow klass range: 0x0

Heap:
 garbage-first heap   total 129024K, used 0K [0x0000000082400000, 0x0000000100000000)
  region size 1024K, 0 young (0K), 0 survivors (0K)
 Metaspace       used 0K, capacity 0K, committed 0K, reserved 0K
  class space    used 0K, capacity 0K, committed 0K, reserved 0K

Heap Regions: E=young(eden), S=young(survivor), O=old, HS=humongous(starts), HC=humongous(continues), CS=collection set, F=free, OA=open archive, CA=closed archive, TAMS=top-at-mark-start (previous, next)

Card table byte_map: [0x0000023222cd0000,0x00000232230c0000] _byte_map_base: 0x00000232228be000

Marking Bits (Prev, Next): (CMBitMap*) 0x000002320b6de6f0, (CMBitMap*) 0x000002320b6de730
 Prev Bits: [0x00000232234b0000, 0x0000023225420000)
 Next Bits: [0x0000023225420000, 0x0000023227390000)

GC Heap History (0 events):
No events

Deoptimization events (0 events):
No events

Classes unloaded (0 events):
No events

Classes redefined (0 events):
No events

Internal exceptions (0 events):
No events

Events (1 events):
Event: 0.008 Loaded shared library C:\Program Files\Java\jdk-15.0.2\bin\java.dll


Dynamic libraries:
0x00007ff7245e0000 - 0x00007ff7245ef000 	C:\Program Files\Java\jdk-15.0.2\bin\java.exe
0x00007ffd516f0000 - 0x00007ffd518e5000 	C:\Windows\SYSTEM32\ntdll.dll
0x00007ffd4fa30000 - 0x00007ffd4faed000 	C:\Windows\System32\KERNEL32.DLL
0x00007ffd4efc0000 - 0x00007ffd4f289000 	C:\Windows\System32\KERNELBASE.dll
0x00007ffd4f3c0000 - 0x00007ffd4f4c0000 	C:\Windows\System32\ucrtbase.dll
0x00007ffd3a2d0000 - 0x00007ffd3a2e9000 	C:\Program Files\Java\jdk-15.0.2\bin\VCRUNTIME140.dll
0x00007ffd3a0c0000 - 0x00007ffd3a0d8000 	C:\Program Files\Java\jdk-15.0.2\bin\jli.dll
0x00007ffd50ae0000 - 0x00007ffd50b8c000 	C:\Windows\System32\ADVAPI32.dll
0x00007ffd4fc90000 - 0x00007ffd4fd2e000 	C:\Windows\System32\msvcrt.dll
0x00007ffd51590000 - 0x00007ffd5162c000 	C:\Windows\System32\sechost.dll
0x00007ffd50ca0000 - 0x00007ffd50dcb000 	C:\Windows\System32\RPCRT4.dll
0x00007ffd4faf0000 - 0x00007ffd4fc90000 	C:\Windows\System32\USER32.dll
0x00007ffd2e630000 - 0x00007ffd2e8ca000 	C:\Windows\WinSxS\amd64_microsoft.windows.common-controls_6595b64144ccf1df_6.0.19041.844_none_ca00b6081b84eb1d\COMCTL32.dll
0x00007ffd4ee80000 - 0x00007ffd4eea2000 	C:\Windows\System32\win32u.dll
0x00007ffd50b90000 - 0x00007ffd50bba000 	C:\Windows\System32\GDI32.dll
0x00007ffd4eeb0000 - 0x00007ffd4efbb000 	C:\Windows\System32\gdi32full.dll
0x00007ffd4f4c0000 - 0x00007ffd4f55d000 	C:\Windows\System32\msvcp_win.dll
0x00007ffd48e80000 - 0x00007ffd48e8a000 	C:\Windows\SYSTEM32\VERSION.dll
0x00007ffd4fe50000 - 0x00007ffd4fe80000 	C:\Windows\System32\IMM32.DLL
0x00007ffd4c760000 - 0x00007ffd4c76c000 	C:\Program Files\Java\jdk-15.0.2\bin\vcruntime140_1.dll
0x00007ffd227e0000 - 0x00007ffd22871000 	C:\Program Files\Java\jdk-15.0.2\bin\msvcp140.dll
0x00007ffd16e70000 - 0x00007ffd179ce000 	C:\Program Files\Java\jdk-15.0.2\bin\server\jvm.dll
0x00007ffd50bc0000 - 0x00007ffd50bc8000 	C:\Windows\System32\PSAPI.DLL
0x00007ffd35a30000 - 0x00007ffd35a57000 	C:\Windows\SYSTEM32\WINMM.dll
0x00007ffd36ab0000 - 0x00007ffd36ab9000 	C:\Windows\SYSTEM32\WSOCK32.dll
0x00007ffd51520000 - 0x00007ffd5158b000 	C:\Windows\System32\WS2_32.dll
0x00007ffd4cdb0000 - 0x00007ffd4cdc2000 	C:\Windows\SYSTEM32\kernel.appcore.dll
0x00007ffd3b4f0000 - 0x00007ffd3b4fa000 	C:\Program Files\Java\jdk-15.0.2\bin\jimage.dll
0x00007ffd35b10000 - 0x00007ffd35cf4000 	C:\Windows\SYSTEM32\DBGHELP.DLL
0x00007ffd35070000 - 0x00007ffd3509c000 	C:\Windows\SYSTEM32\dbgcore.DLL
0x00007ffd4f340000 - 0x00007ffd4f3c0000 	C:\Windows\System32\bcryptPrimitives.dll
0x00007ffd22d00000 - 0x00007ffd22d25000 	C:\Program Files\Java\jdk-15.0.2\bin\java.dll

dbghelp: loaded successfully - version: 4.0.5 - missing functions: none
symbol engine: initialized successfully - sym options: 0x614 - pdb path: .;C:\Program Files\Java\jdk-15.0.2\bin;C:\Windows\SYSTEM32;C:\Windows\WinSxS\amd64_microsoft.windows.common-controls_6595b64144ccf1df_6.0.19041.844_none_ca00b6081b84eb1d;C:\Program Files\Java\jdk-15.0.2\bin\server

VM Arguments:
java_command: <unknown>
java_class_path (initial): <not set>
Launcher Type: SUN_STANDARD

[Global flags]
     intx CICompilerCount                          = 3                                         {product} {ergonomic}
     uint ConcGCThreads                            = 1                                         {product} {ergonomic}
     uint G1ConcRefinementThreads                  = 4                                         {product} {ergonomic}
   size_t G1HeapRegionSize                         = 1048576                                   {product} {ergonomic}
    uintx GCDrainStackTargetSize                   = 64                                        {product} {ergonomic}
   size_t InitialHeapSize                          = 132120576                                 {product} {ergonomic}
   size_t MarkStackSize                            = 4194304                                   {product} {ergonomic}
   size_t MaxHeapSize                              = 2109734912                                {product} {ergonomic}
   size_t MinHeapDeltaBytes                        = 1048576                                   {product} {ergonomic}
   size_t MinHeapSize                              = 8388608                                   {product} {ergonomic}
    uintx NonNMethodCodeHeapSize                   = 5832780                                {pd product} {ergonomic}
    uintx NonProfiledCodeHeapSize                  = 122912730                              {pd product} {ergonomic}
    uintx ProfiledCodeHeapSize                     = 122912730                              {pd product} {ergonomic}
    uintx ReservedCodeCacheSize                    = 251658240                              {pd product} {ergonomic}
     bool SegmentedCodeCache                       = true                                      {product} {ergonomic}
   size_t SoftMaxHeapSize                          = 2109734912                             {manageable} {ergonomic}
     bool UseCompressedClassPointers               = true                                 {lp64_product} {ergonomic}
     bool UseCompressedOops                        = true                                 {lp64_product} {ergonomic}
     bool UseG1GC                                  = true                                      {product} {ergonomic}
     bool UseLargePagesIndividualAllocation        = false                                  {pd product} {ergonomic}

Logging:
Log output configuration:
 #0: stdout all=warning uptime,level,tags
 #1: stderr all=off uptime,level,tags

Environment Variables:
PATH=C:\Program Files\Common Files\Oracle\Java\javapath;C:\Program Files (x86)\Common Files\Oracle\Java\javapath;C:\Windows\system32;C:\Windows;C:\Windows\System32\Wbem;C:\Windows\System32\WindowsPowerShell\v1.0\;C:\Windows\System32\OpenSSH\;C:\Program Files\Git\cmd;C:\Program Files\MySQL\MySQL Shell 8.0\bin\;C:\Users\manga\AppData\Local\Microsoft\WindowsApps;C:\MinGW\bin;
USERNAME=manga
OS=Windows_NT
PROCESSOR_IDENTIFIER=Intel64 Family 6 Model 158 Stepping 11, GenuineIntel



---------------  S Y S T E M  ---------------

OS:
 Windows 10 , 64 bit Build 19041 (10.0.19041.804)
OS uptime: 1 days 4:04 hours

CPU: total 4 (initial active 4) (4 cores per cpu, 1 threads per core) family 6 model 158 stepping 11 microcode 0xde, cmov, cx8, fxsr, mmx, sse, sse2, sse3, ssse3, sse4.1, sse4.2, popcnt, vzeroupper, avx, avx2, aes, clmul, erms, 3dnowpref, lzcnt, tsc, tscinvbit, bmi1, bmi2, adx, fma, clflush, clflushopt

Memory: 4k page, system-wide physical 8045M (387M free)
TotalPageFile size 32621M (AvailPageFile size 26M)
current process WorkingSet (physical memory assigned to process): 9M, peak: 9M
current process commit charge ("private bytes"): 51M, peak: 177M

vm_info: Java HotSpot(TM) 64-Bit Server VM (15.0.2+7-27) for windows-amd64 JRE (15.0.2+7-27), built on Dec  7 2020 20:07:01 by "mach5one" with unknown MS VC++:1925

END.
